[2024-10-28T20:29:22.460Z] INFO: Secure Server running on https://localhost:3001
[2024-10-28T20:29:28.286Z] INFO: Connected to MongoDB
[2024-10-28T20:30:00.407Z] ERROR: Failed to load index.html: ENOENT: no such file or directory, stat '/Users/wilsonkhanyezi/legal-doc-system/server/client/build/index.html'
[2024-10-28T20:54:05.230Z] INFO: Secure Server running on https://localhost:3001
[2024-10-28T20:54:10.586Z] INFO: Connected to MongoDB
[2024-11-03T09:29:17.783Z] INFO: User connected:
[2024-11-03T09:29:48.398Z] INFO: User disconnected:
[2024-11-03T09:29:48.604Z] INFO: User connected:
[2024-11-03T09:30:22.639Z] INFO: User disconnected:
[2024-11-03T09:30:22.927Z] INFO: User connected:
[2024-11-03T09:39:40.460Z] INFO: User disconnected:
[2024-11-03T09:39:40.648Z] INFO: User connected:
[2024-11-03T09:39:42.954Z] INFO: User disconnected:
[2024-11-03T09:39:43.021Z] INFO: User connected:
[2024-11-03T09:39:43.954Z] INFO: User disconnected:
[2024-11-03T09:39:44.000Z] INFO: User connected:
[2024-11-03T09:39:44.298Z] INFO: User disconnected:
[2024-11-03T09:39:44.350Z] INFO: User connected:
[2024-11-03T09:39:44.601Z] INFO: User disconnected:
[2024-11-03T09:39:44.657Z] INFO: User connected:
[2024-11-03T09:39:44.792Z] INFO: User disconnected:
[2024-11-03T09:39:44.858Z] INFO: User connected:
[2024-11-03T09:39:44.996Z] INFO: User disconnected:
[2024-11-03T09:39:45.039Z] INFO: User connected:
[2024-11-03T09:39:45.369Z] INFO: User disconnected:
[2024-11-03T09:39:45.421Z] INFO: User connected:
[2024-11-03T09:39:45.737Z] INFO: User disconnected:
[2024-11-03T09:39:45.783Z] INFO: User connected:
[2024-11-03T09:41:25.718Z] INFO: User disconnected:
[2024-11-03T09:41:25.855Z] INFO: User connected:
[2024-11-03T09:41:26.567Z] INFO: User disconnected:
[2024-11-03T09:41:26.626Z] INFO: User connected:
[2024-11-03T09:41:26.980Z] INFO: User disconnected:
[2024-11-03T09:41:27.030Z] INFO: User connected:
[2024-11-03T09:41:27.180Z] INFO: User disconnected:
[2024-11-03T09:41:27.224Z] INFO: User connected:
[2024-11-03T09:41:27.375Z] INFO: User disconnected:
[2024-11-03T09:41:27.425Z] INFO: User connected:
[2024-11-03T09:41:27.534Z] INFO: User disconnected:
[2024-11-03T09:41:27.576Z] INFO: User connected:
[2024-11-03T09:41:27.729Z] INFO: User disconnected:
[2024-11-03T09:41:27.790Z] INFO: User connected:
[2024-11-03T09:41:27.905Z] INFO: User disconnected:
[2024-11-03T09:41:27.944Z] INFO: User connected:
[2024-11-03T09:41:28.093Z] INFO: User disconnected:
[2024-11-03T09:41:28.141Z] INFO: User connected:
[2024-11-03T09:41:28.350Z] INFO: User disconnected:
[2024-11-03T09:41:28.395Z] INFO: User connected:
[2024-11-03T09:41:28.530Z] INFO: User disconnected:
[2024-11-03T09:41:28.584Z] INFO: User connected:
[2024-11-03T09:41:28.681Z] INFO: User disconnected:
[2024-11-03T09:41:28.724Z] INFO: User connected:
[2024-11-03T09:41:28.826Z] INFO: User disconnected:
[2024-11-03T09:41:28.870Z] INFO: User connected:
[2024-11-03T09:43:22.390Z] INFO: User disconnected:
[2024-11-03T09:43:22.572Z] INFO: User connected:
[2024-11-03T09:43:30.790Z] INFO: User disconnected:
[2024-11-03T09:43:30.852Z] INFO: User connected:
[2024-11-03T09:43:31.813Z] INFO: User disconnected:
[2024-11-03T09:43:31.863Z] INFO: User connected:
[2024-11-03T09:43:32.282Z] INFO: User disconnected:
[2024-11-03T09:43:32.330Z] INFO: User connected:
[2024-11-03T09:43:32.532Z] INFO: User disconnected:
[2024-11-03T09:43:32.580Z] INFO: User connected:
[2024-11-03T09:43:32.678Z] INFO: User disconnected:
[2024-11-03T09:43:32.722Z] INFO: User connected:
[2024-11-03T09:43:32.839Z] INFO: User disconnected:
[2024-11-03T09:43:32.878Z] INFO: User connected:
[2024-11-03T09:43:33.020Z] INFO: User disconnected:
[2024-11-03T09:43:33.067Z] INFO: User connected:
[2024-11-03T09:43:33.189Z] INFO: User disconnected:
[2024-11-03T09:43:33.231Z] INFO: User connected:
[2024-11-03T09:43:33.371Z] INFO: User disconnected:
[2024-11-03T09:43:33.412Z] INFO: User connected:
[2024-11-03T09:43:33.671Z] INFO: User disconnected:
[2024-11-03T09:43:33.720Z] INFO: User connected:
[2024-11-03T09:43:50.598Z] INFO: User disconnected:
[2024-11-03T09:43:50.746Z] INFO: User connected:
[2024-11-03T09:50:02.364Z] INFO: User disconnected:
[2024-11-03T09:50:04.292Z] INFO: User connected:
[2024-11-03T09:59:23.294Z] INFO: User disconnected:
[2024-11-03T09:59:23.473Z] INFO: User connected:
[2024-11-03T09:59:33.883Z] INFO: User disconnected:
[2024-11-03T09:59:33.949Z] INFO: User connected:
[2024-11-03T09:59:35.414Z] INFO: User disconnected:
[2024-11-03T09:59:35.467Z] INFO: User connected:
[2024-11-03T10:01:03.587Z] INFO: User disconnected:
[2024-11-03T10:01:03.761Z] INFO: User connected:
[2024-11-03T10:02:55.262Z] INFO: User disconnected:
[2024-11-03T10:02:55.409Z] INFO: User connected:
[2024-11-03T10:03:04.507Z] INFO: User disconnected:
[2024-11-03T10:03:04.575Z] INFO: User connected:
[2024-11-03T10:03:05.659Z] INFO: User disconnected:
[2024-11-03T10:03:05.709Z] INFO: User connected:
[2024-11-03T10:04:25.829Z] INFO: User disconnected:
[2024-11-03T10:04:48.597Z] INFO: User connected:
[2024-11-03T10:04:50.250Z] INFO: User disconnected:
[2024-11-03T10:04:50.311Z] INFO: User connected:
[2024-11-03T10:16:34.967Z] INFO: Secure Server running on https://localhost:3001
[2024-11-03T10:16:38.902Z] INFO: User connected:
[2024-11-03T10:17:05.042Z] ERROR: Error connecting to MongoDB: Could not connect to any servers in your MongoDB Atlas cluster. One common reason is that you're trying to access the database from an IP that isn't whitelisted. Make sure your current IP address is on your Atlas cluster's IP whitelist: https://www.mongodb.com/docs/atlas/security-whitelist/
[2024-11-03T10:26:56.075Z] INFO: Secure Server running on https://localhost:3001
[2024-11-03T10:26:56.155Z] INFO: User connected:
[2024-11-03T10:26:59.623Z] INFO: Connected to MongoDB
[2024-11-03T10:28:14.804Z] INFO: User disconnected:
[2024-11-03T10:28:15.085Z] INFO: User connected:
[2024-11-03T10:32:32.771Z] INFO: User disconnected:
[2024-11-03T10:32:33.058Z] INFO: User connected:
[2024-11-03T10:41:06.377Z] INFO: User disconnected:
[2024-11-03T10:41:06.729Z] INFO: User connected:
