{"level":"info","message":"Secure Server running on https://localhost:3001","service":"legal-doc-system","timestamp":"2024-11-03T11:54:08.083Z"}
{"level":"info","message":"User connected via Socket.io:","service":"legal-doc-system","timestamp":"2024-11-03T11:54:10.423Z"}
{"level":"info","message":"Connected to MongoDB","service":"legal-doc-system","timestamp":"2024-11-03T11:54:11.890Z"}
{"level":"info","message":"User disconnected:","service":"legal-doc-system","timestamp":"2024-11-03T11:54:25.740Z"}
{"level":"info","message":"User connected via Socket.io:","service":"legal-doc-system","timestamp":"2024-11-03T11:54:26.146Z"}
{"level":"info","message":"User disconnected:","service":"legal-doc-system","timestamp":"2024-11-03T11:54:27.109Z"}
{"level":"info","message":"User connected via Socket.io:","service":"legal-doc-system","timestamp":"2024-11-03T11:54:27.321Z"}
{"level":"info","message":"User disconnected:","service":"legal-doc-system","timestamp":"2024-11-03T11:54:27.490Z"}
{"level":"info","message":"User connected via Socket.io:","service":"legal-doc-system","timestamp":"2024-11-03T11:54:27.628Z"}
{"level":"info","message":"User disconnected:","service":"legal-doc-system","timestamp":"2024-11-03T11:54:27.676Z"}
{"level":"info","message":"User connected via Socket.io:","service":"legal-doc-system","timestamp":"2024-11-03T11:54:27.802Z"}
{"level":"info","message":"User disconnected:","service":"legal-doc-system","timestamp":"2024-11-03T11:54:27.863Z"}
{"level":"info","message":"User connected via Socket.io:","service":"legal-doc-system","timestamp":"2024-11-03T11:54:27.984Z"}
{"level":"info","message":"User disconnected:","service":"legal-doc-system","timestamp":"2024-11-03T11:54:28.151Z"}
{"level":"info","message":"User connected via Socket.io:","service":"legal-doc-system","timestamp":"2024-11-03T11:54:28.279Z"}
{"level":"info","message":"Secure Server running on https://localhost:3001","service":"legal-doc-system","timestamp":"2024-11-03T11:55:20.426Z"}
{"level":"info","message":"User connected via Socket.io:","service":"legal-doc-system","timestamp":"2024-11-03T11:55:21.628Z"}
{"level":"info","message":"Connected to MongoDB","service":"legal-doc-system","timestamp":"2024-11-03T11:55:24.125Z"}
{"level":"info","message":"User disconnected:","service":"legal-doc-system","timestamp":"2024-11-03T11:57:00.943Z"}
{"level":"info","message":"User connected via Socket.io:","service":"legal-doc-system","timestamp":"2024-11-03T11:57:01.229Z"}
{"level":"info","message":"User disconnected:","service":"legal-doc-system","timestamp":"2024-11-03T12:03:56.258Z"}
{"level":"info","message":"User connected via Socket.io:","service":"legal-doc-system","timestamp":"2024-11-03T12:03:58.642Z"}
{"level":"info","message":"User disconnected:","service":"legal-doc-system","timestamp":"2024-11-03T13:21:05.675Z"}
{"level":"info","message":"User connected via Socket.io:","service":"legal-doc-system","timestamp":"2024-11-03T13:21:06.464Z"}
{"level":"info","message":"User disconnected:","service":"legal-doc-system","timestamp":"2024-11-03T13:25:44.380Z"}
{"level":"info","message":"User connected via Socket.io:","service":"legal-doc-system","timestamp":"2024-11-03T13:25:44.621Z"}
{"level":"info","message":"User disconnected:","service":"legal-doc-system","timestamp":"2024-11-03T13:30:28.820Z"}
{"level":"info","message":"User connected via Socket.io:","service":"legal-doc-system","timestamp":"2024-11-03T13:30:29.057Z"}
{"level":"info","message":"User disconnected:","service":"legal-doc-system","timestamp":"2024-11-03T13:37:08.196Z"}
{"level":"info","message":"User connected via Socket.io:","service":"legal-doc-system","timestamp":"2024-11-03T13:37:10.010Z"}
{"level":"info","message":"User disconnected:","service":"legal-doc-system","timestamp":"2024-11-03T14:27:09.251Z"}
{"level":"info","message":"User connected via Socket.io:","service":"legal-doc-system","timestamp":"2024-11-03T14:27:10.892Z"}
{"level":"info","message":"User disconnected:","service":"legal-doc-system","timestamp":"2024-11-03T15:10:13.834Z"}
{"level":"info","message":"User connected via Socket.io:","service":"legal-doc-system","timestamp":"2024-11-03T15:10:15.008Z"}
{"level":"info","message":"User disconnected:","service":"legal-doc-system","timestamp":"2024-11-03T15:22:15.249Z"}
{"level":"info","message":"User connected via Socket.io:","service":"legal-doc-system","timestamp":"2024-11-03T15:22:15.535Z"}
{"level":"info","message":"User disconnected:","service":"legal-doc-system","timestamp":"2024-11-03T15:33:28.661Z"}
{"level":"info","message":"User connected via Socket.io:","service":"legal-doc-system","timestamp":"2024-11-03T15:33:30.066Z"}
{"level":"info","message":"User disconnected:","service":"legal-doc-system","timestamp":"2024-11-03T15:37:10.290Z"}
{"level":"info","message":"User connected via Socket.io:","service":"legal-doc-system","timestamp":"2024-11-03T15:37:11.535Z"}
{"level":"info","message":"User disconnected:","service":"legal-doc-system","timestamp":"2024-11-03T16:22:05.303Z"}
{"level":"info","message":"User connected via Socket.io:","service":"legal-doc-system","timestamp":"2024-11-03T16:22:06.217Z"}
{"level":"info","message":"User disconnected:","service":"legal-doc-system","timestamp":"2024-11-03T18:33:19.637Z"}
{"level":"info","message":"User connected via Socket.io:","service":"legal-doc-system","timestamp":"2024-11-03T18:33:21.570Z"}
{"level":"info","message":"User disconnected:","service":"legal-doc-system","timestamp":"2024-11-03T18:42:47.685Z"}
{"level":"info","message":"User connected via Socket.io:","service":"legal-doc-system","timestamp":"2024-11-03T18:42:49.010Z"}
{"level":"info","message":"User disconnected:","service":"legal-doc-system","timestamp":"2024-11-03T18:58:36.238Z"}
{"level":"info","message":"User connected via Socket.io:","service":"legal-doc-system","timestamp":"2024-11-03T18:58:37.409Z"}
{"level":"info","message":"User disconnected:","service":"legal-doc-system","timestamp":"2024-11-03T19:08:25.488Z"}
{"level":"info","message":"User connected via Socket.io:","service":"legal-doc-system","timestamp":"2024-11-03T19:08:25.889Z"}
{"level":"info","message":"User disconnected:","service":"legal-doc-system","timestamp":"2024-11-03T19:24:01.430Z"}
{"level":"info","message":"User connected via Socket.io:","service":"legal-doc-system","timestamp":"2024-11-04T04:00:45.036Z"}
{"level":"info","message":"User disconnected:","service":"legal-doc-system","timestamp":"2024-11-04T04:02:14.965Z"}
{"level":"info","message":"Secure Server running on https://localhost:3001","service":"legal-doc-system","timestamp":"2024-11-04T08:10:46.298Z"}
{"level":"error","message":"Error connecting to MongoDB: Could not connect to any servers in your MongoDB Atlas cluster. One common reason is that you're trying to access the database from an IP that isn't whitelisted. Make sure your current IP address is on your Atlas cluster's IP whitelist: https://www.mongodb.com/docs/atlas/security-whitelist/","reason":{"commonWireVersion":0,"compatible":true,"heartbeatFrequencyMS":10000,"localThresholdMS":15,"logicalSessionTimeoutMinutes":null,"maxElectionId":null,"maxSetVersion":null,"servers":{},"setName":"atlas-9g1p4c-shard-0","stale":false,"type":"ReplicaSetNoPrimary"},"service":"legal-doc-system","stack":"MongooseServerSelectionError: Could not connect to any servers in your MongoDB Atlas cluster. One common reason is that you're trying to access the database from an IP that isn't whitelisted. Make sure your current IP address is on your Atlas cluster's IP whitelist: https://www.mongodb.com/docs/atlas/security-whitelist/\n    at Connection.openUri (/Users/wilsonkhanyezi/legal-doc-system/server/node_modules/mongoose/lib/connection.js:825:32)\n    at /Users/wilsonkhanyezi/legal-doc-system/server/node_modules/mongoose/lib/index.js:414:10\n    at /Users/wilsonkhanyezi/legal-doc-system/server/node_modules/mongoose/lib/helpers/promiseOrCallback.js:41:5\n    at new Promise (<anonymous>)\n    at promiseOrCallback (/Users/wilsonkhanyezi/legal-doc-system/server/node_modules/mongoose/lib/helpers/promiseOrCallback.js:40:10)\n    at Mongoose._promiseOrCallback (/Users/wilsonkhanyezi/legal-doc-system/server/node_modules/mongoose/lib/index.js:1290:10)\n    at Mongoose.connect (/Users/wilsonkhanyezi/legal-doc-system/server/node_modules/mongoose/lib/index.js:413:20)\n    at Object.<anonymous> (/Users/wilsonkhanyezi/legal-doc-system/server/server.js:266:6)\n    at Module._compile (node:internal/modules/cjs/loader:1358:14)\n    at Module._extensions..js (node:internal/modules/cjs/loader:1416:10)","timestamp":"2024-11-04T08:11:16.661Z"}
{"level":"info","message":"Secure Server running on https://localhost:3001","service":"legal-doc-system","timestamp":"2024-11-04T08:15:13.263Z"}
{"level":"info","message":"Connected to MongoDB","service":"legal-doc-system","timestamp":"2024-11-04T08:15:16.879Z"}
{"level":"info","message":"Secure Server running on https://localhost:3001","service":"legal-doc-system","timestamp":"2024-11-04T11:15:13.753Z"}
{"level":"info","message":"Connected to MongoDB","service":"legal-doc-system","timestamp":"2024-11-04T11:15:17.610Z"}
{"level":"info","message":"Secure Server running on https://localhost:3001","service":"legal-doc-system","timestamp":"2024-11-05T13:05:41.381Z"}
{"level":"info","message":"Connected to MongoDB","service":"legal-doc-system","timestamp":"2024-11-05T13:05:45.784Z"}
{"level":"info","message":"Secure Server running on https://localhost:3001","service":"legal-doc-system","timestamp":"2024-11-07T17:12:01.488Z"}
{"level":"error","message":"Error connecting to MongoDB: Could not connect to any servers in your MongoDB Atlas cluster. One common reason is that you're trying to access the database from an IP that isn't whitelisted. Make sure your current IP address is on your Atlas cluster's IP whitelist: https://www.mongodb.com/docs/atlas/security-whitelist/","reason":{"commonWireVersion":0,"compatible":true,"heartbeatFrequencyMS":10000,"localThresholdMS":15,"logicalSessionTimeoutMinutes":null,"maxElectionId":null,"maxSetVersion":null,"servers":{},"setName":"atlas-9g1p4c-shard-0","stale":false,"type":"ReplicaSetNoPrimary"},"service":"legal-doc-system","stack":"MongooseServerSelectionError: Could not connect to any servers in your MongoDB Atlas cluster. One common reason is that you're trying to access the database from an IP that isn't whitelisted. Make sure your current IP address is on your Atlas cluster's IP whitelist: https://www.mongodb.com/docs/atlas/security-whitelist/\n    at Connection.openUri (/Users/wilsonkhanyezi/legal-doc-system/server/node_modules/mongoose/lib/connection.js:825:32)\n    at /Users/wilsonkhanyezi/legal-doc-system/server/node_modules/mongoose/lib/index.js:414:10\n    at /Users/wilsonkhanyezi/legal-doc-system/server/node_modules/mongoose/lib/helpers/promiseOrCallback.js:41:5\n    at new Promise (<anonymous>)\n    at promiseOrCallback (/Users/wilsonkhanyezi/legal-doc-system/server/node_modules/mongoose/lib/helpers/promiseOrCallback.js:40:10)\n    at Mongoose._promiseOrCallback (/Users/wilsonkhanyezi/legal-doc-system/server/node_modules/mongoose/lib/index.js:1290:10)\n    at Mongoose.connect (/Users/wilsonkhanyezi/legal-doc-system/server/node_modules/mongoose/lib/index.js:413:20)\n    at Object.<anonymous> (/Users/wilsonkhanyezi/legal-doc-system/server/server.js:266:6)\n    at Module._compile (node:internal/modules/cjs/loader:1358:14)\n    at Module._extensions..js (node:internal/modules/cjs/loader:1416:10)","timestamp":"2024-11-07T17:12:31.540Z"}
{"level":"info","message":"Secure Server running on https://localhost:3001","service":"legal-doc-system","timestamp":"2024-11-07T17:13:45.895Z"}
{"level":"error","message":"Error connecting to MongoDB: Could not connect to any servers in your MongoDB Atlas cluster. One common reason is that you're trying to access the database from an IP that isn't whitelisted. Make sure your current IP address is on your Atlas cluster's IP whitelist: https://www.mongodb.com/docs/atlas/security-whitelist/","reason":{"commonWireVersion":0,"compatible":true,"heartbeatFrequencyMS":10000,"localThresholdMS":15,"logicalSessionTimeoutMinutes":null,"maxElectionId":null,"maxSetVersion":null,"servers":{},"setName":"atlas-9g1p4c-shard-0","stale":false,"type":"ReplicaSetNoPrimary"},"service":"legal-doc-system","stack":"MongooseServerSelectionError: Could not connect to any servers in your MongoDB Atlas cluster. One common reason is that you're trying to access the database from an IP that isn't whitelisted. Make sure your current IP address is on your Atlas cluster's IP whitelist: https://www.mongodb.com/docs/atlas/security-whitelist/\n    at Connection.openUri (/Users/wilsonkhanyezi/legal-doc-system/server/node_modules/mongoose/lib/connection.js:825:32)\n    at /Users/wilsonkhanyezi/legal-doc-system/server/node_modules/mongoose/lib/index.js:414:10\n    at /Users/wilsonkhanyezi/legal-doc-system/server/node_modules/mongoose/lib/helpers/promiseOrCallback.js:41:5\n    at new Promise (<anonymous>)\n    at promiseOrCallback (/Users/wilsonkhanyezi/legal-doc-system/server/node_modules/mongoose/lib/helpers/promiseOrCallback.js:40:10)\n    at Mongoose._promiseOrCallback (/Users/wilsonkhanyezi/legal-doc-system/server/node_modules/mongoose/lib/index.js:1290:10)\n    at Mongoose.connect (/Users/wilsonkhanyezi/legal-doc-system/server/node_modules/mongoose/lib/index.js:413:20)\n    at Object.<anonymous> (/Users/wilsonkhanyezi/legal-doc-system/server/server.js:266:6)\n    at Module._compile (node:internal/modules/cjs/loader:1358:14)\n    at Module._extensions..js (node:internal/modules/cjs/loader:1416:10)","timestamp":"2024-11-07T17:14:16.119Z"}
{"level":"info","message":"Secure Server running on https://localhost:3001","service":"legal-doc-system","timestamp":"2024-11-07T17:15:20.127Z"}
{"level":"info","message":"Connected to MongoDB","service":"legal-doc-system","timestamp":"2024-11-07T17:15:23.793Z"}
{"level":"info","message":"Secure Server running on https://localhost:3001","service":"legal-doc-system","timestamp":"2024-11-08T08:25:24.440Z"}
{"level":"info","message":"Connected to MongoDB","service":"legal-doc-system","timestamp":"2024-11-08T08:25:28.363Z"}
